<?xml version="1.0" encoding="UTF-8"?>
<testng-results skipped="0" failed="0" ignored="0" total="1" passed="1">
  <reporter-output>
  </reporter-output>
  <suite name="Default suite" duration-ms="9061" started-at="2018-03-14T02:17:45Z" finished-at="2018-03-14T02:17:54Z">
    <groups>
    </groups>
    <test name="Default test" duration-ms="9061" started-at="2018-03-14T02:17:45Z" finished-at="2018-03-14T02:17:54Z">
      <class name="com.fourstay.tests.SmokeTests">
        <test-method status="PASS" signature="setUp(java.lang.String)[pri:0, instance:com.fourstay.tests.SmokeTests@1bce4f0a]" name="setUp" is-config="true" duration-ms="8957" started-at="2018-03-14T02:17:45Z" finished-at="2018-03-14T02:17:53Z">
          <params>
            <param index="0">
              <value is-null="true"/>
            </param>
          </params>
          <reporter-output>
          </reporter-output>
        </test-method> <!-- setUp -->
        <test-method status="PASS" signature="test()[pri:0, instance:com.fourstay.tests.SmokeTests@1bce4f0a]" name="test" duration-ms="5" started-at="2018-03-14T02:17:53Z" finished-at="2018-03-14T02:17:54Z">
          <reporter-output>
          </reporter-output>
        </test-method> <!-- test -->
        <test-method status="PASS" signature="tearDown()[pri:0, instance:com.fourstay.tests.SmokeTests@1bce4f0a]" name="tearDown" is-config="true" duration-ms="85" started-at="2018-03-14T02:17:54Z" finished-at="2018-03-14T02:17:54Z">
          <reporter-output>
          </reporter-output>
        </test-method> <!-- tearDown -->
      </class> <!-- com.fourstay.tests.SmokeTests -->
    </test> <!-- Default test -->
  </suite> <!-- Default suite -->
</testng-results>
